<?xml version="1.0" encoding="UTF-8"?>
<testsuite xmlns:xsi="http://www.w3.org/2001/XMLSchema-instance" xsi:noNamespaceSchemaLocation="https://maven.apache.org/surefire/maven-surefire-plugin/xsd/surefire-test-report-3.0.xsd" version="3.0" name="com.miniuber.api_gateway.ApiGatewayApplicationTests" time="13.015" tests="1" errors="0" skipped="0" failures="0">
  <properties>
[...]
</properties>
  <testcase name="contextLoads" classname="com.miniuber.api_gateway.ApiGatewayApplicationTests" time="1.614">
    <system-out><![CDATA[15:50:49.368 [main] INFO org.springframework.test.context.support.AnnotationConfigContextLoaderUtils -- Could not detect default configuration classes for test class [com.miniuber.api_gateway.ApiGatewayApplicationTests]: ApiGatewayApplicationTests does not declare any static, non-private, non-final, nested classes annotated with @Configuration.
15:50:49.740 [main] INFO org.springframework.boot.test.context.SpringBootTestContextBootstrapper -- Found @SpringBootConfiguration com.miniuber.api_gateway.ApiGatewayApplication for test class com.miniuber.api_gateway.ApiGatewayApplicationTests

  .   ____          _            __ _ _
 /\\ / ___'_ __ _ _(_)_ __  __ _ \ \ \ \
( ( )\___ | '_ | '_| | '_ \/ _` | \ \ \ \
 \\/  ___)| |_)| | | | | || (_| |  ) ) ) )
  '  |____| .__|_| |_|_| |_\__, | / / / /
 =========|_|==============|___/=/_/_/_/
 :: Spring Boot ::                (v3.2.1)

2026-01-26 15:50:51.752 &amp#27;[34mINFO &amp#27;[0;39m &amp#27;[36m[background-preinit]&amp#27;[0;39m &amp#27;[33mo.h.validator.internal.util.Version&amp#27;[0;39m - HV000001: Hibernate Validator 8.0.1.Final
2026-01-26 15:50:51.852 &amp#27;[34mINFO &amp#27;[0;39m &amp#27;[36m[main]&amp#27;[0;39m &amp#27;[33mc.m.a.ApiGatewayApplicationTests&amp#27;[0;39m - Starting ApiGatewayApplicationTests using Java 17.0.2 with PID 20328 (started by Rushi in C:\Users\Rushal Chavan\OneDrive\Desktop\Mini Uber\backend\api-gateway)
2026-01-26 15:50:51.855 &amp#27;[34mINFO &amp#27;[0;39m &amp#27;[36m[main]&amp#27;[0;39m &amp#27;[33mc.m.a.ApiGatewayApplicationTests&amp#27;[0;39m - No active profile set, falling back to 1 default profile: "default"
2026-01-26 15:50:54.740 &amp#27;[34mINFO &amp#27;[0;39m &amp#27;[36m[main]&amp#27;[0;39m &amp#27;[33mo.s.d.r.c.RepositoryConfigurationDelegate&amp#27;[0;39m - Multiple Spring Data modules found, entering strict repository configuration mode
2026-01-26 15:50:54.748 &amp#27;[34mINFO &amp#27;[0;39m &amp#27;[36m[main]&amp#27;[0;39m &amp#27;[33mo.s.d.r.c.RepositoryConfigurationDelegate&amp#27;[0;39m - Bootstrapping Spring Data Redis repositories in DEFAULT mode.
2026-01-26 15:50:54.817 &amp#27;[34mINFO &amp#27;[0;39m &amp#27;[36m[main]&amp#27;[0;39m &amp#27;[33mo.s.d.r.c.RepositoryConfigurationDelegate&amp#27;[0;39m - Finished Spring Data repository scanning in 27 ms. Found 0 Redis repository interfaces.
2026-01-26 15:50:55.392 &amp#27;[34mINFO &amp#27;[0;39m &amp#27;[36m[main]&amp#27;[0;39m &amp#27;[33mo.s.cloud.context.scope.GenericScope&amp#27;[0;39m - BeanFactory id=5b973680-489c-30a7-ad60-00b39ab29bed
2026-01-26 15:50:55.673 &amp#27;[31mWARN &amp#27;[0;39m &amp#27;[36m[main]&amp#27;[0;39m &amp#27;[33mo.s.c.s.PostProcessorRegistrationDelegate$BeanPostProcessorChecker&amp#27;[0;39m - Bean 'org.springframework.cloud.client.loadbalancer.LoadBalancerAutoConfiguration$LoadBalancerInterceptorConfig' of type [org.springframework.cloud.client.loadbalancer.LoadBalancerAutoConfiguration$LoadBalancerInterceptorConfig] is not eligible for getting processed by all BeanPostProcessors (for example: not eligible for auto-proxying). The currently created BeanPostProcessor [lbRestClientPostProcessor] is declared through a non-static factory method on that class; consider declaring it as static instead.
2026-01-26 15:50:55.680 &amp#27;[31mWARN &amp#27;[0;39m &amp#27;[36m[main]&amp#27;[0;39m &amp#27;[33mo.s.c.s.PostProcessorRegistrationDelegate$BeanPostProcessorChecker&amp#27;[0;39m - Bean 'org.springframework.cloud.loadbalancer.config.BlockingLoadBalancerClientAutoConfiguration' of type [org.springframework.cloud.loadbalancer.config.BlockingLoadBalancerClientAutoConfiguration] is not eligible for getting processed by all BeanPostProcessors (for example: not eligible for auto-proxying). Is this bean getting eagerly injected into a currently created BeanPostProcessor [lbRestClientPostProcessor]? Check the corresponding BeanPostProcessor declaration and its dependencies.
2026-01-26 15:50:55.685 &amp#27;[31mWARN &amp#27;[0;39m &amp#27;[36m[main]&amp#27;[0;39m &amp#27;[33mo.s.c.s.PostProcessorRegistrationDelegate$BeanPostProcessorChecker&amp#27;[0;39m - Bean 'org.springframework.cloud.loadbalancer.config.LoadBalancerAutoConfiguration' of type [org.springframework.cloud.loadbalancer.config.LoadBalancerAutoConfiguration] is not eligible for getting processed by all BeanPostProcessors (for example: not eligible for auto-proxying). Is this bean getting eagerly injected into a currently created BeanPostProcessor [lbRestClientPostProcessor]? Check the corresponding BeanPostProcessor declaration and its dependencies.
2026-01-26 15:50:55.704 &amp#27;[31mWARN &amp#27;[0;39m &amp#27;[36m[main]&amp#27;[0;39m &amp#27;[33mo.s.c.s.PostProcessorRegistrationDelegate$BeanPostProcessorChecker&amp#27;[0;39m - Bean 'org.springframework.cloud.commons.config.CommonsConfigAutoConfiguration' of type [org.springframework.cloud.commons.config.CommonsConfigAutoConfiguration] is not eligible for getting processed by all BeanPostProcessors (for example: not eligible for auto-proxying). Is this bean getting eagerly injected into a currently created BeanPostProcessor [lbRestClientPostProcessor]? Check the corresponding BeanPostProcessor declaration and its dependencies.
2026-01-26 15:50:55.708 &amp#27;[31mWARN &amp#27;[0;39m &amp#27;[36m[main]&amp#27;[0;39m &amp#27;[33mo.s.c.s.PostProcessorRegistrationDelegate$BeanPostProcessorChecker&amp#27;[0;39m - Bean 'org.springframework.cloud.client.loadbalancer.LoadBalancerDefaultMappingsProviderAutoConfiguration' of type [org.springframework.cloud.client.loadbalancer.LoadBalancerDefaultMappingsProviderAutoConfiguration] is not eligible for getting processed by all BeanPostProcessors (for example: not eligible for auto-proxying). Is this bean getting eagerly injected into a currently created BeanPostProcessor [lbRestClientPostProcessor]? Check the corresponding BeanPostProcessor declaration and its dependencies.
2026-01-26 15:50:55.711 &amp#27;[31mWARN &amp#27;[0;39m &amp#27;[36m[main]&amp#27;[0;39m &amp#27;[33mo.s.c.s.PostProcessorRegistrationDelegate$BeanPostProcessorChecker&amp#27;[0;39m - Bean 'loadBalancerClientsDefaultsMappingsProvider' of type [org.springframework.cloud.client.loadbalancer.LoadBalancerDefaultMappingsProviderAutoConfiguration$$Lambda$953/0x00000008010b65a8] is not eligible for getting processed by all BeanPostProcessors (for example: not eligible for auto-proxying). Is this bean getting eagerly injected into a currently created BeanPostProcessor [lbRestClientPostProcessor]? Check the corresponding BeanPostProcessor declaration and its dependencies.
2026-01-26 15:50:55.714 &amp#27;[31mWARN &amp#27;[0;39m &amp#27;[36m[main]&amp#27;[0;39m &amp#27;[33mo.s.c.s.PostProcessorRegistrationDelegate$BeanPostProcessorChecker&amp#27;[0;39m - Bean 'defaultsBindHandlerAdvisor' of type [org.springframework.cloud.commons.config.DefaultsBindHandlerAdvisor] is not eligible for getting processed by all BeanPostProcessors (for example: not eligible for auto-proxying). Is this bean getting eagerly injected into a currently created BeanPostProcessor [lbRestClientPostProcessor]? Check the corresponding BeanPostProcessor declaration and its dependencies.
2026-01-26 15:50:55.734 &amp#27;[31mWARN &amp#27;[0;39m &amp#27;[36m[main]&amp#27;[0;39m &amp#27;[33mo.s.c.s.PostProcessorRegistrationDelegate$BeanPostProcessorChecker&amp#27;[0;39m - Bean 'spring.cloud.loadbalancer-org.springframework.cloud.client.loadbalancer.LoadBalancerClientsProperties' of type [org.springframework.cloud.client.loadbalancer.LoadBalancerClientsProperties] is not eligible for getting processed by all BeanPostProcessors (for example: not eligible for auto-proxying). Is this bean getting eagerly injected into a currently created BeanPostProcessor [lbRestClientPostProcessor]? Check the corresponding BeanPostProcessor declaration and its dependencies.
2026-01-26 15:50:55.744 &amp#27;[31mWARN &amp#27;[0;39m &amp#27;[36m[main]&amp#27;[0;39m &amp#27;[33mo.s.c.s.PostProcessorRegistrationDelegate$BeanPostProcessorChecker&amp#27;[0;39m - Bean 'default.org.springframework.cloud.loadbalancer.config.LoadBalancerAutoConfiguration.LoadBalancerClientSpecification' of type [org.springframework.cloud.loadbalancer.annotation.LoadBalancerClientSpecification] is not eligible for getting processed by all BeanPostProcessors (for example: not eligible for auto-proxying). Is this bean getting eagerly injected into a currently created BeanPostProcessor [lbRestClientPostProcessor]? Check the corresponding BeanPostProcessor declaration and its dependencies.
2026-01-26 15:50:55.746 &amp#27;[31mWARN &amp#27;[0;39m &amp#27;[36m[main]&amp#27;[0;39m &amp#27;[33mo.s.c.s.PostProcessorRegistrationDelegate$BeanPostProcessorChecker&amp#27;[0;39m - Bean 'default.org.springframework.cloud.loadbalancer.config.BlockingLoadBalancerClientAutoConfiguration.LoadBalancerClientSpecification' of type [org.springframework.cloud.loadbalancer.annotation.LoadBalancerClientSpecification] is not eligible for getting processed by all BeanPostProcessors (for example: not eligible for auto-proxying). Is this bean getting eagerly injected into a currently created BeanPostProcessor [lbRestClientPostProcessor]? Check the corresponding BeanPostProcessor declaration and its dependencies.
2026-01-26 15:50:55.749 &amp#27;[31mWARN &amp#27;[0;39m &amp#27;[36m[main]&amp#27;[0;39m &amp#27;[33mo.s.c.s.PostProcessorRegistrationDelegate$BeanPostProcessorChecker&amp#27;[0;39m - Bean 'loadBalancerClientFactory' of type [org.springframework.cloud.loadbalancer.support.LoadBalancerClientFactory] is not eligible for getting processed by all BeanPostProcessors (for example: not eligible for auto-proxying). Is this bean getting eagerly injected into a currently created BeanPostProcessor [lbRestClientPostProcessor]? Check the corresponding BeanPostProcessor declaration and its dependencies.
2026-01-26 15:50:55.759 &amp#27;[31mWARN &amp#27;[0;39m &amp#27;[36m[main]&amp#27;[0;39m &amp#27;[33mo.s.c.s.PostProcessorRegistrationDelegate$BeanPostProcessorChecker&amp#27;[0;39m - Bean 'blockingLoadBalancerClient' of type [org.springframework.cloud.loadbalancer.blocking.client.BlockingLoadBalancerClient] is not eligible for getting processed by all BeanPostProcessors (for example: not eligible for auto-proxying). Is this bean getting eagerly injected into a currently created BeanPostProcessor [lbRestClientPostProcessor]? Check the corresponding BeanPostProcessor declaration and its dependencies.
2026-01-26 15:50:55.784 &amp#27;[31mWARN &amp#27;[0;39m &amp#27;[36m[main]&amp#27;[0;39m &amp#27;[33mo.s.c.s.PostProcessorRegistrationDelegate$BeanPostProcessorChecker&amp#27;[0;39m - Bean 'loadBalancerServiceInstanceCookieTransformer' of type [org.springframework.cloud.loadbalancer.core.LoadBalancerServiceInstanceCookieTransformer] is not eligible for getting processed by all BeanPostProcessors (for example: not eligible for auto-proxying). Is this bean getting eagerly injected into a currently created BeanPostProcessor [lbRestClientPostProcessor]? Check the corresponding BeanPostProcessor declaration and its dependencies.
2026-01-26 15:50:55.789 &amp#27;[31mWARN &amp#27;[0;39m &amp#27;[36m[main]&amp#27;[0;39m &amp#27;[33mo.s.c.s.PostProcessorRegistrationDelegate$BeanPostProcessorChecker&amp#27;[0;39m - Bean 'xForwarderHeadersTransformer' of type [org.springframework.cloud.loadbalancer.blocking.XForwardedHeadersTransformer] is not eligible for getting processed by all BeanPostProcessors (for example: not eligible for auto-proxying). Is this bean getting eagerly injected into a currently created BeanPostProcessor [lbRestClientPostProcessor]? Check the corresponding BeanPostProcessor declaration and its dependencies.
2026-01-26 15:50:55.791 &amp#27;[31mWARN &amp#27;[0;39m &amp#27;[36m[main]&amp#27;[0;39m &amp#27;[33mo.s.c.s.PostProcessorRegistrationDelegate$BeanPostProcessorChecker&amp#27;[0;39m - Bean 'org.springframework.cloud.client.loadbalancer.LoadBalancerAutoConfiguration' of type [org.springframework.cloud.client.loadbalancer.LoadBalancerAutoConfiguration] is not eligible for getting processed by all BeanPostProcessors (for example: not eligible for auto-proxying). Is this bean getting eagerly injected into a currently created BeanPostProcessor [lbRestClientPostProcessor]? Check the corresponding BeanPostProcessor declaration and its dependencies.
2026-01-26 15:50:55.798 &amp#27;[31mWARN &amp#27;[0;39m &amp#27;[36m[main]&amp#27;[0;39m &amp#27;[33mo.s.c.s.PostProcessorRegistrationDelegate$BeanPostProcessorChecker&amp#27;[0;39m - Bean 'loadBalancerRequestFactory' of type [org.springframework.cloud.client.loadbalancer.LoadBalancerRequestFactory] is not eligible for getting processed by all BeanPostProcessors (for example: not eligible for auto-proxying). Is this bean getting eagerly injected into a currently created BeanPostProcessor [lbRestClientPostProcessor]? Check the corresponding BeanPostProcessor declaration and its dependencies.
2026-01-26 15:50:55.802 &amp#27;[31mWARN &amp#27;[0;39m &amp#27;[36m[main]&amp#27;[0;39m &amp#27;[33mo.s.c.s.PostProcessorRegistrationDelegate$BeanPostProcessorChecker&amp#27;[0;39m - Bean 'loadBalancerInterceptor' of type [org.springframework.cloud.client.loadbalancer.LoadBalancerInterceptor] is not eligible for getting processed by all BeanPostProcessors (for example: not eligible for auto-proxying). Is this bean getting eagerly injected into a currently created BeanPostProcessor [lbRestClientPostProcessor]? Check the corresponding BeanPostProcessor declaration and its dependencies.
2026-01-26 15:50:55.807 &amp#27;[31mWARN &amp#27;[0;39m &amp#27;[36m[main]&amp#27;[0;39m &amp#27;[33mo.s.c.s.PostProcessorRegistrationDelegate$BeanPostProcessorChecker&amp#27;[0;39m - Bean 'org.springframework.cloud.client.loadbalancer.reactive.LoadBalancerBeanPostProcessorAutoConfiguration' of type [org.springframework.cloud.client.loadbalancer.reactive.LoadBalancerBeanPostProcessorAutoConfiguration] is not eligible for getting processed by all BeanPostProcessors (for example: not eligible for auto-proxying). The currently created BeanPostProcessor [loadBalancerWebClientBuilderBeanPostProcessor] is declared through a non-static factory method on that class; consider declaring it as static instead.
2026-01-26 15:50:55.811 &amp#27;[31mWARN &amp#27;[0;39m &amp#27;[36m[main]&amp#27;[0;39m &amp#27;[33mo.s.c.s.PostProcessorRegistrationDelegate$BeanPostProcessorChecker&amp#27;[0;39m - Bean 'org.springframework.cloud.client.loadbalancer.reactive.LoadBalancerBeanPostProcessorAutoConfiguration$ReactorDeferringLoadBalancerFilterConfig' of type [org.springframework.cloud.client.loadbalancer.reactive.LoadBalancerBeanPostProcessorAutoConfiguration$ReactorDeferringLoadBalancerFilterConfig] is not eligible for getting processed by all BeanPostProcessors (for example: not eligible for auto-proxying). Is this bean getting eagerly injected into a currently created BeanPostProcessor [loadBalancerWebClientBuilderBeanPostProcessor]? Check the corresponding BeanPostProcessor declaration and its dependencies.
2026-01-26 15:50:55.815 &amp#27;[31mWARN &amp#27;[0;39m &amp#27;[36m[main]&amp#27;[0;39m &amp#27;[33mo.s.c.s.PostProcessorRegistrationDelegate$BeanPostProcessorChecker&amp#27;[0;39m - Bean 'reactorDeferringLoadBalancerExchangeFilterFunction' of type [org.springframework.cloud.client.loadbalancer.reactive.DeferringLoadBalancerExchangeFilterFunction] is not eligible for getting processed by all BeanPostProcessors (for example: not eligible for auto-proxying). Is this bean getting eagerly injected into a currently created BeanPostProcessor [loadBalancerWebClientBuilderBeanPostProcessor]? Check the corresponding BeanPostProcessor declaration and its dependencies.
2026-01-26 15:50:58.152 &amp#27;[39mDEBUG&amp#27;[0;39m &amp#27;[36m[main]&amp#27;[0;39m &amp#27;[33mo.s.c.g.config.GatewayProperties&amp#27;[0;39m - Routes supplied from Gateway Properties: [RouteDefinition{id='auth-service', predicates=[PredicateDefinition{name='Path', args={_genkey_0=/api/auth/**}}], filters=[FilterDefinition{name='RequestRateLimiter', args={redis-rate-limiter.replenishRate=10, redis-rate-limiter.burstCapacity=20}}], uri=http://core-service:8081, order=0, metadata={}}, RouteDefinition{id='user-service', predicates=[PredicateDefinition{name='Path', args={_genkey_0=/api/users/**}}], filters=[FilterDefinition{name='RequestRateLimiter', args={redis-rate-limiter.replenishRate=20, redis-rate-limiter.burstCapacity=40}}], uri=http://core-service:8081, order=0, metadata={}}, RouteDefinition{id='driver-service', predicates=[PredicateDefinition{name='Path', args={_genkey_0=/api/drivers/**}}], filters=[FilterDefinition{name='RequestRateLimiter', args={redis-rate-limiter.replenishRate=20, redis-rate-limiter.burstCapacity=40}}], uri=http://core-service:8081, order=0, metadata={}}, RouteDefinition{id='ride-service', predicates=[PredicateDefinition{name='Path', args={_genkey_0=/api/rides/**}}], filters=[FilterDefinition{name='RequestRateLimiter', args={redis-rate-limiter.replenishRate=20, redis-rate-limiter.burstCapacity=40}}], uri=http://trip-service:8083, order=0, metadata={}}, RouteDefinition{id='location-service', predicates=[PredicateDefinition{name='Path', args={_genkey_0=/api/location/**}}], filters=[FilterDefinition{name='RequestRateLimiter', args={redis-rate-limiter.replenishRate=50, redis-rate-limiter.burstCapacity=100}}], uri=http://trip-service:8083, order=0, metadata={}}, RouteDefinition{id='payment-service', predicates=[PredicateDefinition{name='Path', args={_genkey_0=/api/payments/**}}], filters=[FilterDefinition{name='RequestRateLimiter', args={redis-rate-limiter.replenishRate=10, redis-rate-limiter.burstCapacity=20}}], uri=http://payment-service:8085, order=0, metadata={}}, RouteDefinition{id='logging-service', predicates=[PredicateDefinition{name='Path', args={_genkey_0=/api/logs/**}}], filters=[], uri=http://core-service:8081, order=0, metadata={}}]
2026-01-26 15:50:58.538 &amp#27;[34mINFO &amp#27;[0;39m &amp#27;[36m[main]&amp#27;[0;39m &amp#27;[33mo.s.c.g.r.RouteDefinitionRouteLocator&amp#27;[0;39m - Loaded RoutePredicateFactory [After]
2026-01-26 15:50:58.538 &amp#27;[34mINFO &amp#27;[0;39m &amp#27;[36m[main]&amp#27;[0;39m &amp#27;[33mo.s.c.g.r.RouteDefinitionRouteLocator&amp#27;[0;39m - Loaded RoutePredicateFactory [Before]
2026-01-26 15:50:58.538 &amp#27;[34mINFO &amp#27;[0;39m &amp#27;[36m[main]&amp#27;[0;39m &amp#27;[33mo.s.c.g.r.RouteDefinitionRouteLocator&amp#27;[0;39m - Loaded RoutePredicateFactory [Between]
2026-01-26 15:50:58.539 &amp#27;[34mINFO &amp#27;[0;39m &amp#27;[36m[main]&amp#27;[0;39m &amp#27;[33mo.s.c.g.r.RouteDefinitionRouteLocator&amp#27;[0;39m - Loaded RoutePredicateFactory [Cookie]
2026-01-26 15:50:58.539 &amp#27;[34mINFO &amp#27;[0;39m &amp#27;[36m[main]&amp#27;[0;39m &amp#27;[33mo.s.c.g.r.RouteDefinitionRouteLocator&amp#27;[0;39m - Loaded RoutePredicateFactory [Header]
2026-01-26 15:50:58.539 &amp#27;[34mINFO &amp#27;[0;39m &amp#27;[36m[main]&amp#27;[0;39m &amp#27;[33mo.s.c.g.r.RouteDefinitionRouteLocator&amp#27;[0;39m - Loaded RoutePredicateFactory [Host]
2026-01-26 15:50:58.539 &amp#27;[34mINFO &amp#27;[0;39m &amp#27;[36m[main]&amp#27;[0;39m &amp#27;[33mo.s.c.g.r.RouteDefinitionRouteLocator&amp#27;[0;39m - Loaded RoutePredicateFactory [Method]
2026-01-26 15:50:58.539 &amp#27;[34mINFO &amp#27;[0;39m &amp#27;[36m[main]&amp#27;[0;39m &amp#27;[33mo.s.c.g.r.RouteDefinitionRouteLocator&amp#27;[0;39m - Loaded RoutePredicateFactory [Path]
2026-01-26 15:50:58.539 &amp#27;[34mINFO &amp#27;[0;39m &amp#27;[36m[main]&amp#27;[0;39m &amp#27;[33mo.s.c.g.r.RouteDefinitionRouteLocator&amp#27;[0;39m - Loaded RoutePredicateFactory [Query]
2026-01-26 15:50:58.539 &amp#27;[34mINFO &amp#27;[0;39m &amp#27;[36m[main]&amp#27;[0;39m &amp#27;[33mo.s.c.g.r.RouteDefinitionRouteLocator&amp#27;[0;39m - Loaded RoutePredicateFactory [ReadBody]
2026-01-26 15:50:58.539 &amp#27;[34mINFO &amp#27;[0;39m &amp#27;[36m[main]&amp#27;[0;39m &amp#27;[33mo.s.c.g.r.RouteDefinitionRouteLocator&amp#27;[0;39m - Loaded RoutePredicateFactory [RemoteAddr]
2026-01-26 15:50:58.539 &amp#27;[34mINFO &amp#27;[0;39m &amp#27;[36m[main]&amp#27;[0;39m &amp#27;[33mo.s.c.g.r.RouteDefinitionRouteLocator&amp#27;[0;39m - Loaded RoutePredicateFactory [XForwardedRemoteAddr]
2026-01-26 15:50:58.539 &amp#27;[34mINFO &amp#27;[0;39m &amp#27;[36m[main]&amp#27;[0;39m &amp#27;[33mo.s.c.g.r.RouteDefinitionRouteLocator&amp#27;[0;39m - Loaded RoutePredicateFactory [Weight]
2026-01-26 15:50:58.539 &amp#27;[34mINFO &amp#27;[0;39m &amp#27;[36m[main]&amp#27;[0;39m &amp#27;[33mo.s.c.g.r.RouteDefinitionRouteLocator&amp#27;[0;39m - Loaded RoutePredicateFactory [CloudFoundryRouteService]
2026-01-26 15:50:59.083 &amp#27;[34mINFO &amp#27;[0;39m &amp#27;[36m[main]&amp#27;[0;39m &amp#27;[33mo.s.b.a.e.web.EndpointLinksResolver&amp#27;[0;39m - Exposing 1 endpoint(s) beneath base path '/actuator'
2026-01-26 15:50:59.673 &amp#27;[34mINFO &amp#27;[0;39m &amp#27;[36m[main]&amp#27;[0;39m &amp#27;[33mo.s.c.n.e.c.DiscoveryClientOptionalArgsConfiguration&amp#27;[0;39m - Eureka HTTP Client uses RestTemplate.
2026-01-26 15:50:59.737 &amp#27;[31mWARN &amp#27;[0;39m &amp#27;[36m[main]&amp#27;[0;39m &amp#27;[33mo.s.c.l.c.LoadBalancerCacheAutoConfiguration$LoadBalancerCaffeineWarnLogger&amp#27;[0;39m - Spring Cloud LoadBalancer is currently working with the default cache. While this cache implementation is useful for development and tests, it's recommended to use Caffeine cache in production.You can switch to using Caffeine cache, by adding it and org.springframework.cache.caffeine.CaffeineCacheManager to the classpath.
2026-01-26 15:50:59.891 &amp#27;[39mDEBUG&amp#27;[0;39m &amp#27;[36m[main]&amp#27;[0;39m &amp#27;[33mo.s.c.g.r.RouteDefinitionRouteLocator&amp#27;[0;39m - RouteDefinition auth-service applying {_genkey_0=/api/auth/**} to Path
2026-01-26 15:50:59.926 &amp#27;[39mDEBUG&amp#27;[0;39m &amp#27;[36m[main]&amp#27;[0;39m &amp#27;[33mo.s.c.g.r.RouteDefinitionRouteLocator&amp#27;[0;39m - RouteDefinition auth-service applying filter {redis-rate-limiter.replenishRate=10, redis-rate-limiter.burstCapacity=20} to RequestRateLimiter
2026-01-26 15:50:59.953 &amp#27;[39mDEBUG&amp#27;[0;39m &amp#27;[36m[main]&amp#27;[0;39m &amp#27;[33mo.s.c.g.r.RouteDefinitionRouteLocator&amp#27;[0;39m - RouteDefinition matched: auth-service
2026-01-26 15:50:59.955 &amp#27;[39mDEBUG&amp#27;[0;39m &amp#27;[36m[main]&amp#27;[0;39m &amp#27;[33mo.s.c.g.r.RouteDefinitionRouteLocator&amp#27;[0;39m - RouteDefinition user-service applying {_genkey_0=/api/users/**} to Path
2026-01-26 15:50:59.957 &amp#27;[39mDEBUG&amp#27;[0;39m &amp#27;[36m[main]&amp#27;[0;39m &amp#27;[33mo.s.c.g.r.RouteDefinitionRouteLocator&amp#27;[0;39m - RouteDefinition user-service applying filter {redis-rate-limiter.replenishRate=20, redis-rate-limiter.burstCapacity=40} to RequestRateLimiter
2026-01-26 15:50:59.963 &amp#27;[39mDEBUG&amp#27;[0;39m &amp#27;[36m[main]&amp#27;[0;39m &amp#27;[33mo.s.c.g.r.RouteDefinitionRouteLocator&amp#27;[0;39m - RouteDefinition matched: user-service
2026-01-26 15:50:59.964 &amp#27;[39mDEBUG&amp#27;[0;39m &amp#27;[36m[main]&amp#27;[0;39m &amp#27;[33mo.s.c.g.r.RouteDefinitionRouteLocator&amp#27;[0;39m - RouteDefinition driver-service applying {_genkey_0=/api/drivers/**} to Path
2026-01-26 15:50:59.967 &amp#27;[39mDEBUG&amp#27;[0;39m &amp#27;[36m[main]&amp#27;[0;39m &amp#27;[33mo.s.c.g.r.RouteDefinitionRouteLocator&amp#27;[0;39m - RouteDefinition driver-service applying filter {redis-rate-limiter.replenishRate=20, redis-rate-limiter.burstCapacity=40} to RequestRateLimiter
2026-01-26 15:50:59.972 &amp#27;[39mDEBUG&amp#27;[0;39m &amp#27;[36m[main]&amp#27;[0;39m &amp#27;[33mo.s.c.g.r.RouteDefinitionRouteLocator&amp#27;[0;39m - RouteDefinition matched: driver-service
2026-01-26 15:50:59.973 &amp#27;[39mDEBUG&amp#27;[0;39m &amp#27;[36m[main]&amp#27;[0;39m &amp#27;[33mo.s.c.g.r.RouteDefinitionRouteLocator&amp#27;[0;39m - RouteDefinition ride-service applying {_genkey_0=/api/rides/**} to Path
2026-01-26 15:50:59.978 &amp#27;[39mDEBUG&amp#27;[0;39m &amp#27;[36m[main]&amp#27;[0;39m &amp#27;[33mo.s.c.g.r.RouteDefinitionRouteLocator&amp#27;[0;39m - RouteDefinition ride-service applying filter {redis-rate-limiter.replenishRate=20, redis-rate-limiter.burstCapacity=40} to RequestRateLimiter
2026-01-26 15:50:59.985 &amp#27;[39mDEBUG&amp#27;[0;39m &amp#27;[36m[main]&amp#27;[0;39m &amp#27;[33mo.s.c.g.r.RouteDefinitionRouteLocator&amp#27;[0;39m - RouteDefinition matched: ride-service
2026-01-26 15:50:59.985 &amp#27;[39mDEBUG&amp#27;[0;39m &amp#27;[36m[main]&amp#27;[0;39m &amp#27;[33mo.s.c.g.r.RouteDefinitionRouteLocator&amp#27;[0;39m - RouteDefinition location-service applying {_genkey_0=/api/location/**} to Path
2026-01-26 15:50:59.989 &amp#27;[39mDEBUG&amp#27;[0;39m &amp#27;[36m[main]&amp#27;[0;39m &amp#27;[33mo.s.c.g.r.RouteDefinitionRouteLocator&amp#27;[0;39m - RouteDefinition location-service applying filter {redis-rate-limiter.replenishRate=50, redis-rate-limiter.burstCapacity=100} to RequestRateLimiter
2026-01-26 15:50:59.993 &amp#27;[39mDEBUG&amp#27;[0;39m &amp#27;[36m[main]&amp#27;[0;39m &amp#27;[33mo.s.c.g.r.RouteDefinitionRouteLocator&amp#27;[0;39m - RouteDefinition matched: location-service
2026-01-26 15:50:59.994 &amp#27;[39mDEBUG&amp#27;[0;39m &amp#27;[36m[main]&amp#27;[0;39m &amp#27;[33mo.s.c.g.r.RouteDefinitionRouteLocator&amp#27;[0;39m - RouteDefinition payment-service applying {_genkey_0=/api/payments/**} to Path
2026-01-26 15:50:59.996 &amp#27;[39mDEBUG&amp#27;[0;39m &amp#27;[36m[main]&amp#27;[0;39m &amp#27;[33mo.s.c.g.r.RouteDefinitionRouteLocator&amp#27;[0;39m - RouteDefinition payment-service applying filter {redis-rate-limiter.replenishRate=10, redis-rate-limiter.burstCapacity=20} to RequestRateLimiter
2026-01-26 15:51:00.002 &amp#27;[39mDEBUG&amp#27;[0;39m &amp#27;[36m[main]&amp#27;[0;39m &amp#27;[33mo.s.c.g.r.RouteDefinitionRouteLocator&amp#27;[0;39m - RouteDefinition matched: payment-service
2026-01-26 15:51:00.003 &amp#27;[39mDEBUG&amp#27;[0;39m &amp#27;[36m[main]&amp#27;[0;39m &amp#27;[33mo.s.c.g.r.RouteDefinitionRouteLocator&amp#27;[0;39m - RouteDefinition logging-service applying {_genkey_0=/api/logs/**} to Path
2026-01-26 15:51:00.005 &amp#27;[39mDEBUG&amp#27;[0;39m &amp#27;[36m[main]&amp#27;[0;39m &amp#27;[33mo.s.c.g.r.RouteDefinitionRouteLocator&amp#27;[0;39m - RouteDefinition matched: logging-service
2026-01-26 15:51:00.023 &amp#27;[39mDEBUG&amp#27;[0;39m &amp#27;[36m[main]&amp#27;[0;39m &amp#27;[33mo.s.c.g.filter.GatewayMetricsFilter&amp#27;[0;39m - New routes count: 7
2026-01-26 15:51:00.028 &amp#27;[34mINFO &amp#27;[0;39m &amp#27;[36m[main]&amp#27;[0;39m &amp#27;[33mc.m.a.ApiGatewayApplicationTests&amp#27;[0;39m - Started ApiGatewayApplicationTests in 9.619 seconds (process running for 13.295)
]]></system-out>
  </testcase>
</testsuite>